# JRE version: OpenJDK Runtime Environment (21.0.2+13) (build 21.0.2+13-58)
# Java VM: OpenJDK 64-Bit Server VM (21.0.2+13-58, mixed mode, sharing, tiered, compressed oops, compressed class ptrs, g1 gc, windows-amd64)
GC Precious Log:
 CardTable entry size: 512
 Card Set container configuration: InlinePtr #cards 5 size 8 Array Of Cards #cards 12 size 40 Howl #buckets 4 coarsen threshold 1843 Howl Bitmap #cards 512 size 80 coarsen threshold 460 Card regions per heap region 1 cards per card region 2048
 CPUs: 16 total, 16 available
 Memory: 7876M
 Large Page Support: Disabled
 NUMA Support: Disabled
 Compressed Oops: Enabled (32-bit)
 Heap Region Size: 1M
 Heap Min Capacity: 8M
 Heap Initial Capacity: 124M
 Heap Max Capacity: 1970M
 Pre-touch: Disabled
 Parallel Workers: 13
 Concurrent Workers: 3
 Concurrent Refinement Workers: 13
 Periodic GC: Disabled
Heap:
 garbage-first heap   total 550912K, used 271908K [0x0000000084e00000, 0x0000000100000000)
  region size 1024K, 20 young (20480K), 3 survivors (3072K)
 Metaspace       used 15423K, committed 15680K, reserved 1114112K
  class space    used 2214K, committed 2368K, reserved 1048576K
GC Heap History (20 events):
Event: 0.776 GC heap before
{Heap before GC invocations=3 (full 0):
 garbage-first heap   total 126976K, used 61057K [0x0000000084e00000, 0x0000000100000000)
  region size 1024K, 4 young (4096K), 3 survivors (3072K)
 Metaspace       used 10302K, committed 10624K, reserved 1114112K
  class space    used 1449K, committed 1600K, reserved 1048576K
}
Event: 0.778 GC heap after
{Heap after GC invocations=4 (full 0):
 garbage-first heap   total 126976K, used 61225K [0x0000000084e00000, 0x0000000100000000)
  region size 1024K, 3 young (3072K), 3 survivors (3072K)
 Metaspace       used 10302K, committed 10624K, reserved 1114112K
  class space    used 1449K, committed 1600K, reserved 1048576K
}
Event: 0.806 GC heap before
{Heap before GC invocations=5 (full 0):
 garbage-first heap   total 137216K, used 135977K [0x0000000084e00000, 0x0000000100000000)
  region size 1024K, 11 young (11264K), 3 survivors (3072K)
 Metaspace       used 10302K, committed 10624K, reserved 1114112K
  class space    used 1449K, committed 1600K, reserved 1048576K
}
Event: 0.807 GC heap after
{Heap after GC invocations=6 (full 0):
 garbage-first heap   total 140288K, used 128591K [0x0000000084e00000, 0x0000000100000000)
  region size 1024K, 3 young (3072K), 3 survivors (3072K)
 Metaspace       used 10302K, committed 10624K, reserved 1114112K
  class space    used 1449K, committed 1600K, reserved 1048576K
}
Event: 0.816 GC heap before
{Heap before GC invocations=6 (full 0):
 garbage-first heap   total 154624K, used 153167K [0x0000000084e00000, 0x0000000100000000)
  region size 1024K, 6 young (6144K), 3 survivors (3072K)
 Metaspace       used 10302K, committed 10624K, reserved 1114112K
  class space    used 1449K, committed 1600K, reserved 1048576K
}
Event: 0.819 GC heap after
{Heap after GC invocations=7 (full 0):
 garbage-first heap   total 292864K, used 151187K [0x0000000084e00000, 0x0000000100000000)
  region size 1024K, 1 young (1024K), 1 survivors (1024K)
 Metaspace       used 10302K, committed 10624K, reserved 1114112K
  class space    used 1449K, committed 1600K, reserved 1048576K
}
Event: 0.819 GC heap before
{Heap before GC invocations=7 (full 0):
 garbage-first heap   total 292864K, used 151187K [0x0000000084e00000, 0x0000000100000000)
  region size 1024K, 2 young (2048K), 1 survivors (1024K)
 Metaspace       used 10302K, committed 10624K, reserved 1114112K
  class space    used 1449K, committed 1600K, reserved 1048576K
}
Event: 0.820 GC heap after
{Heap after GC invocations=8 (full 0):
 garbage-first heap   total 292864K, used 151080K [0x0000000084e00000, 0x0000000100000000)
  region size 1024K, 1 young (1024K), 1 survivors (1024K)
 Metaspace       used 10302K, committed 10624K, reserved 1114112K
  class space    used 1449K, committed 1600K, reserved 1048576K
}
Event: 0.825 GC heap before
{Heap before GC invocations=9 (full 0):
 garbage-first heap   total 292864K, used 160296K [0x0000000084e00000, 0x0000000100000000)
  region size 1024K, 3 young (3072K), 1 survivors (1024K)
 Metaspace       used 10302K, committed 10624K, reserved 1114112K
  class space    used 1449K, committed 1600K, reserved 1048576K
}
Event: 0.825 GC heap after
{Heap after GC invocations=10 (full 0):
 garbage-first heap   total 292864K, used 159194K [0x0000000084e00000, 0x0000000100000000)
  region size 1024K, 1 young (1024K), 1 survivors (1024K)
 Metaspace       used 10302K, committed 10624K, reserved 1114112K
  class space    used 1449K, committed 1600K, reserved 1048576K
}
Event: 0.829 GC heap before
{Heap before GC invocations=11 (full 0):
 garbage-first heap   total 292864K, used 165338K [0x0000000084e00000, 0x0000000100000000)
  region size 1024K, 2 young (2048K), 1 survivors (1024K)
 Metaspace       used 10302K, committed 10624K, reserved 1114112K
  class space    used 1449K, committed 1600K, reserved 1048576K
}
Event: 0.829 GC heap after
{Heap after GC invocations=12 (full 0):
 garbage-first heap   total 292864K, used 165342K [0x0000000084e00000, 0x0000000100000000)
  region size 1024K, 1 young (1024K), 1 survivors (1024K)
 Metaspace       used 10302K, committed 10624K, reserved 1114112K
  class space    used 1449K, committed 1600K, reserved 1048576K
}
Event: 0.833 GC heap before
{Heap before GC invocations=13 (full 0):
 garbage-first heap   total 292864K, used 171486K [0x0000000084e00000, 0x0000000100000000)
  region size 1024K, 2 young (2048K), 1 survivors (1024K)
 Metaspace       used 10302K, committed 10624K, reserved 1114112K
  class space    used 1449K, committed 1600K, reserved 1048576K
}
Event: 0.834 GC heap after
{Heap after GC invocations=14 (full 0):
 garbage-first heap   total 550912K, used 171493K [0x0000000084e00000, 0x0000000100000000)
  region size 1024K, 1 young (1024K), 1 survivors (1024K)
 Metaspace       used 10302K, committed 10624K, reserved 1114112K
  class space    used 1449K, committed 1600K, reserved 1048576K
}
Event: 0.868 GC heap before
{Heap before GC invocations=14 (full 0):
 garbage-first heap   total 550912K, used 254437K [0x0000000084e00000, 0x0000000100000000)
  region size 1024K, 10 young (10240K), 1 survivors (1024K)
 Metaspace       used 10302K, committed 10624K, reserved 1114112K
  class space    used 1449K, committed 1600K, reserved 1048576K
}
Event: 0.869 GC heap after
{Heap after GC invocations=15 (full 0):
 garbage-first heap   total 550912K, used 247226K [0x0000000084e00000, 0x0000000100000000)
  region size 1024K, 1 young (1024K), 1 survivors (1024K)
 Metaspace       used 10302K, committed 10624K, reserved 1114112K
  class space    used 1449K, committed 1600K, reserved 1048576K
}
Event: 0.870 GC heap before
{Heap before GC invocations=15 (full 0):
 garbage-first heap   total 550912K, used 249274K [0x0000000084e00000, 0x0000000100000000)
  region size 1024K, 2 young (2048K), 1 survivors (1024K)
 Metaspace       used 10302K, committed 10624K, reserved 1114112K
  class space    used 1449K, committed 1600K, reserved 1048576K
}
Event: 0.871 GC heap after
{Heap after GC invocations=16 (full 0):
 garbage-first heap   total 550912K, used 249271K [0x0000000084e00000, 0x0000000100000000)
  region size 1024K, 1 young (1024K), 1 survivors (1024K)
 Metaspace       used 10302K, committed 10624K, reserved 1114112K
  class space    used 1449K, committed 1600K, reserved 1048576K
}
Event: 1.236 GC heap before
{Heap before GC invocations=17 (full 0):
 garbage-first heap   total 550912K, used 275895K [0x0000000084e00000, 0x0000000100000000)
  region size 1024K, 24 young (24576K), 1 survivors (1024K)
 Metaspace       used 14317K, committed 14656K, reserved 1114112K
  class space    used 2201K, committed 2368K, reserved 1048576K
}
Event: 1.238 GC heap after
{Heap after GC invocations=18 (full 0):
 garbage-first heap   total 550912K, used 255524K [0x0000000084e00000, 0x0000000100000000)
  region size 1024K, 3 young (3072K), 3 survivors (3072K)
 Metaspace       used 14317K, committed 14656K, reserved 1114112K
  class space    used 2201K, committed 2368K, reserved 1048576K
}

